# установил
hyprland-git
dunst
pipewire
wireplumber
xdg-desktop-portal-hyprland
qt5-wayland
qt6-wayland
network-manager-applet
polkit-kde-agent
kitty
tofi
waybar
swww
swaylock-effects-git
swayidle
wlogout
krusader
google-chrome
wev
blueman
---------------------

python-pyamdgpuinfo
parallel
imagemagick
qt5-imageformats
ffmpegthumbs
kde-cli-tools
brightnessctl
pavucontrol
pamixer
nwg-look
kvantum
qt5ct

neofetch
dolphin
vim
ark
eza


###


pipewire-alsa
pipewire-audio
pipewire-jack
pipewire-pulse
gst-plugin-pipewire

networkmanager

qt5-quickcontrols
qt5-quickcontrols2
qt5-graphicaleffects

#rofi-lbonn-wayland-git
grimblast-git
slurp
hyprpicker-git

swappy
cliphist
pacman-contrib
pokemon-colorscripts-git
